0
0
0
0
0
0
0
0
0
0
0
0
0
0
0
0
0
0
0
0
0
0
0
0
0
0
0
0
0
0
0
0
0.97
0.97
0.96
0.95
0.91
0.94
0.95
0.96
0.96
0.95
0.95
0.92
0.92
0.96
0.96
0.96
0.98
0.98
0.97
0.96
0.96
0.96
0.97
0.98
0.99
0.97
0.8
0.72
0.77
0.75
0.77
0.96
0.96
0.97
0.97
0.96
0.96
0.93
0.92
0.96
0.97
0.96
0.96
0.97
0.98
0.98
0.98
0.98
0.98
0.96
0.95
0.94
0.94
0.94
0.93
0.95
0.95
0.86
0.95
0.97
0.97
0.97
0.97
0.94
0.9
0.88
0.86
0.88
0.87
0.87
0.82
0.82
0.92
0.93
0.95
0.96
0.97
0.98
0.97
0.96
0.96
0.95
0.95
0.95
0.95
0.94
0.9
0.48
0.15
0.17
0.35
0.9
0.91
0.94
0.95
0.96
0.96
0.96
0.96
0.95
0.95
0.96
0.99
0.99
0.99
0.99
0.96
0.94
0.91
0.84
0.38
0.05
-0
0.09
0.5
0.83
0.92
0.95
0.97
0.99
0.99
0.99
0.99
0.99
0.99
0.99
0.99
0.99
0.99
1
0.99
0.97
0.88
0.65
0.66
0.95
0.96
0.97
0
0.65
0.84
0.58
0.42
0.4
0.31
0.27
0.24
0.21
0.1
0.16
0.18
0.06
0
0
0
0
0
0
0
0
0
0
0
0
0
0
0
0
0
0
0
0
0
0
0
0
0
0
0
0
0
0
0
0
0
0
0
0
0
0
0
0
0
0
0
0.78
0.96
0.97
0.96
0.96
0.97
0.97
0.97
0.97
0.97
0.97
0.97
0.98
0.73
0.34
0.17
-0.05
-0.12
-0.05
-0.02
-0.03
0.08
0.06
-0
-0.01
-0.01
0.01
0.03
0.03
0.12
0.2
0.4
0.43
0
0
0.48
0.5
0.53
0.55
0.71
0.8
0.93
0.98
0.98
0.97
0.97
0.97
0.98
0.98
0.98
0.97
0.98
0.98
0.99
0.99
0.99
0.98
0.98
0.98
0.98
0.99
1
1
0.99
0.99
0.98
0.95
0.96
0.97
0.97
0.96
0.97
0.96
0.96
0.97
0.97
0.97
0.97
0.96
0.97
0.97
0.97
0.98
0.98
0.98
0.97
0.97
0.92
0.58
0.23
0.27
0.37
0.7
0.96
0.97
0.98
0.98
0.96
0.96
0.95
0.94
0.71
0.42
0.23
0.2
0.56
0.97
0.97
0.97
0.97
0.97
0.99
0.99
0.98
0.95
0.87
0.82
0.7
0.65
0.58
0.61
0.96
0.98
0.97
0.96
0.96
0.84
0.42
0.31
0.19
0.15
0.09
0.22
0.24
0.19
0.17
0
0
0
0
0
0
0
0
0
0
0
0
0
0
0
0
0
0
0
0
0
0
0
0
0
0
0.33
0.9
0.93
0.96
0.97
0.98
0.99
0.99
0.99
0.99
0.99
0.99
0.98
0.97
0.96
0.95
0.95
0.94
0.92
0.87
0.81
0.8
0.85
0.8
0.94
0.96
0.96
0.95
0.94
0.94
0.95
0.96
0.98
0.98
0.98
0.97
0.96
0.95
0.84
0.85
0.85
0.74
0.73
0.34
0.1
0.02
-0.03
-0.05
-0.03
-0.02
-0.03
-0.02
-0.01
0.1
0
0
0
0
0
0
0
0
0
0
0
0
0
0
0
0
0
0
0
0
0
0.39
0.95
0.95
0.96
0.97
0.98
0.98
0.98
0.99
0.99
0.99
0.99
0.97
0.97
0.97
0.96
0.93
0.67
0.25
0.34
0.72
0.98
0.99
0.98
0.97
0.95
0.94
0.94
0.94
0.65
0.03
-0.17
-0.18
-0.18
0.04
0.88
0.95
0.95
0.95
0.96
0.97
0.98
0.98
0.98
0.96
0.95
0.96
0.96
0.92
0.82
0.78
0.86
0.93
0.94
0.95
0.96
0.97
0.97
0.97
0.98
0.99
0.99
0.95
0.92
0.95
0.94
0.96
0.96
0.96
0.95
0.96
0.96
0.96
0.97
0.95
0.95
0.96
0.97
0.97
0.96
0.81
0.5
0.28
0.34
0.56
0.91
0.94
0.92
0.92
0.93
0.95
0.96
0.93
0.95
0.45
0.56
0.97
0.97
0.97
0.97
0.96
0.97
0.97
0.97
0.97
0.97
0.96
0.89
0.6
0.49
0.89
0.97
0.98
0.98
0.98
0.97
0.93
0.24
-0.14
-0.1
-0.04
-0
0.06
0.26
0.92
0.96
0.96
0.95
0.96
0.97
0.94
0.76
0.79
0.92
0.94
0.92
0.74
0.33
0
0.08
0.03
0.01
-0.02
-0.02
-0.04
-0.03
-0.02
0
0.02
0.04
0.04
0
0
0
0
0
0
0
0
0
0
0
0
0
0
0
0
0
0
0
0
0
0
0
0
0
0
0
0
0
0
0
0
0
0
0
0
0
0
0
0
0
0
0
-0.08
-0.22
-0.19
-0.17
-0.11
0.05
0.16
0.14
0.18
0.97
0.98
0.98
0.97
0.96
0.97
0.98
0.98
0.96
0.95
0.92
0.96
0.96
0.95
0.95
0.95
0.96
0.97
0.97
0.98
0.97
0.93
0.87
0.84
0.83
0.84
0
0
0
0
0.91
0.92
0.93
0.95
0.95
0.96
0.97
0.99
0.98
0.96
0.97
0.96
0.65
0.2
-0.05
-0.1
0
0.38
0.76
0.94
0.97
0.98
0.99
0.99
0.99
0.97
0.96
0.96
0.96
0.97
0.97
0.96
0.92
0.95
0.95
0.94
0.93
0.89
0.47
0.05
-0.17
-0.25
-0.19
-0.02
0.42
0.93
0.95
0.94
0.95
0.98
0.97
0.94
0.92
0.91
0.91
0.92
0.94
0.94
0.98
0.98
0.99
0.98
0.96
0.95
0.95
0.95
0.91
0.86
0.56
0.25
-0.04
-0.03
0.04
-0
0
-0.01
-0
0.12
0.14
0.12
0
0
0
0
0
0
0
0
0.14
0.16
0.25
0.29
0.18
0.22
0.17
0.12
0.22
0.15
0.35
0
0
0
0
0
0
0.97
0.99
0.99
0.99
0.99
0.99
0.88
0.9
0.95
0.97
0.97
0.96
0.96
0.96
0.96
0.95
0.95
0.96
0.98
0.99
0.98
0.99
0.99
0.99
0.98
0.95
0.94
0.94
0.93
0.92
0.92
0.79
0.05
-0.13
-0.19
-0.21
-0.12
0.37
0.98
0.99
0.99
0.99
0.97
0.96
0.96
0.96
0.97
0.99
0.99
0.96
0.89
0.89
0.88
0.87
0.87
0.89
0.9
0.95
0.94
0.95
0.96
0.96
0.96
0.96
0.97
0.98
0.91
0.47
0.06
-0.02
0.01
0.06
0.82
0.87
0.9
0.88
0.87
0.89
0.9
0.93
0.94
0.96
0.85
0.83
0.93
0.92
0.87
0.81
0.94
0.95
0.93
0.42
-0.04
-0.18
-0.2
-0.1
0.43
0.82
0.92
0.93
0.95
0.96
0.99
0.99
0.99
0.97
0.96
0.95
0.95
0.89
0.52
0.31
0.37
0.89
0.96
0.95
0.95
0.95
0.97
0.95
0.96
0.96
0.96
0.76
0.12
0.04
0.01
0.06
0.24
0.51
0.73
0.74
0.75
0.94
0.96
0.97
0.97
0.99
0.98
0.99
0.99
0.98
0.98
0.97
0.95
0.95
0.94
0.95
0.96
0.96
0.96
0.96
0.96
0.96
0.95
0.8
0.46
0.38
0.62
0.98
0.99
0.99
0.98
0.98
0.97
0.99
0.99
0.99
1
1
0.99
0.96
0.96
0.96
0.96
0.96
0.98
0.99
1
0.99
0.98
0.98
0.98
0.98
0.96
0.8
0.55
0.36
0.28
0.2
0.19
0.37
0.86
0.95
0.96
0.96
0.92
0.89
0.89
0.58
0.28
0.1
0.04
0
-0.01
0
0.01
0.03
0.05
0
0
0
0
0
0
0
0
0
0
0
0
0
0
0
0
0
0
0
0
0
0
0.92
0.92
0.73
0
0
0
0
0.12
0.12
0.21
0.34
0.34
0.16
0.38
0.36
0.29
0.44
0.44
0.42
0.37
0.83
0.89
0.89
0.46
0.89
0.9
0.98
0.99
0.99
1
0.99
0.99
0.99
0.99
0.99
0.99
0.99
0.98
0.97
0.94
0.92
0.94
0.96
0.97
0.96
0.95
0.93
0.92
0.92
0.94
0.97
0.97
0.97
0.99
0.99
0.99
0.99
0.96
0.69
0
0
0
0
0
0
0
0
0
0
0
0.32
0.31
0.26
0
0
0.42
0.42
0.42
0
0
0
0
0.86
0.92
1
0.99
0.99
0.99
0.99
0.99
0.99
0.99
0.99
0.99
0.99
0.99
0.99
0.98
0.98
0.97
0.97
0.97
0.97
0.97
0.97
0.98
0.99
0.99
0.98
0.96
0.94
0.94
0.96
0.95
0.72
0.64
0.73
0.71
0.77
0.82
0.87
0.89
0.91
0.98
0.98
0.98
0.98
0.98
0.98
0.97
0.96
0.92
0.95
0.97
0.97
0.97
0.97
0.98
0.99
0.98
0.95
0.95
0.97
0.98
0.99
1
1
1
0.98
0.87
0.88
0.94
0.93
0.9
0.87
0.88
0.89
0.92
0.93
0.95
0.95
0.95
0.96
0.96
0.97
0.98
0.97
0.97
0.97
0.9
0.3
0.14
0.12
0.15
0.4
0.89
0.96
0.96
0.95
0.96
0.95
0.95
0.94
0.94
0.95
0.95
0.95
0.95
0.95
0.95
0.94
0.94
0.95
0.94
0.91
0.83
0.77
0.8
0.88
0.97
0.97
0.97
0.97
0.97
0.97
0.97
0.97
0.98
0.98
0.98
0.97
0.92
0.58
0.1
-0.2
-0.28
-0.23
-0.04
0.89
0.96
0.97
0.98
0.99
0.99
0.99
1
0.99
0.99
0.99
0.97
0.97
0.93
0.89
0.95
0.95
0.88
0.65
0.63
0.37
0.15
0.06
-0.02
-0.03
-0.03
-0.03
-0.02
0.01
0.02
-0.04
0
0
0
0
0
0
0
0
0
0
0
0
0
0
0
0
0
0
0
0
0
0
0
0
0
0
0
0
0
0.5
0.56
0.85
0.94
0.94
0.94
0.97
0.99
0.97
0.95
0.95
0.94
0.63
-0.05
-0.13
-0.05
0.07
0.6
0.94
0.95
0.95
0.96
0.98
0.99
1
0.98
0.27
-0.05
-0.1
-0.14
0.05
0.18
0.8
0.98
0.98
0.97
0.96
0.96
0.97
0.98
0.99
0.99
0.99
0.99
0.98
0.93
0.96
0.96
0.97
0.97
0.98
0.97
0.95
0.95
0.96
0.98
0.99
0.99
0.98
0.94
0.6
0.59
0.56
0.55
0.91
0.97
0.98
0.98
0.99
0.98
0.98
0.97
0.97
0.96
0.97
0.96
0.96
0.96
0.97
0.97
0.97
0.92
0.7
0.5
0.59
0.94
0.97
0.97
0.97
0.97
0.97
0.97
0.97
0.97
0.96
0.97
0.97
0.97
0.96
0.97
0.97
0.97
0.98
0.98
0.97
0
0
0
0
0
0
0
0
0
0
0
0
0
0
0
0
0
0
0
0
0
0
0
0
0
0
0
0.76
0.88
0.88
0.89
0.93
0.96
0.97
0.97
0.98
0.93
0.9
0.92
0.84
0.78
0.96
0.96
0.95
0.95
0.95
0.95
0.95
0.97
0.96
0.95
0.95
0.94
0.93
0.93
0.95
0.95
0.95
0.82
0.83
0.9
0.89
0.89
0.9
0.83
0.8
0.73
0
0
0
0
0
0
0
0
0
0
0
0
0
0
0
0
0
0
0
0
0
0
0
0
0
0
